# JRE version: OpenJDK Runtime Environment Temurin-25.0.1+8 (25.0.1+8) (build 25.0.1+8-LTS)
# Java VM: OpenJDK 64-Bit Server VM Temurin-25.0.1+8 (25.0.1+8-LTS, mixed mode, sharing, tiered, compressed oops, compressed class ptrs, g1 gc, windows-amd64)
GC Precious Log:
 CardTable entry size: 512
 Card Set container configuration: InlinePtr #cards 4 size 8 Array Of Cards #cards 16 size 48 Howl #buckets 8 coarsen threshold 3686 Howl Bitmap #cards 512 size 80 coarsen threshold 460 Card regions per heap region 1 cards per card region 4096
 CPUs: 12 total, 12 available
 Memory: 15713M
 Large Page Support: Disabled
 NUMA Support: Disabled
 Compressed Oops: Enabled (Zero based)
 Heap Region Size: 2M
 Heap Min Capacity: 8M
 Heap Initial Capacity: 246M
 Heap Max Capacity: 3930M
 Pre-touch: Disabled
 Parallel Workers: 10
 Concurrent Workers: 3
 Concurrent Refinement Workers: 10
 Periodic GC: Disabled
Heap:
 garbage-first heap   total reserved 4024320K, committed 303104K, used 140500K [0x000000070a600000, 0x0000000800000000)
  region size 2048K, 2 young (4096K), 2 survivors (4096K)
GC Heap Usage History (20 events):
Event: 47.918 {heap After GC invocations=66 (full 0):
 garbage-first heap   total reserved 4024320K, committed 292864K, used 125189K [0x000000070a600000, 0x0000000800000000)
  region size 2048K, 7 young (14336K), 7 survivors (14336K)
}
Event: 48.910 {heap Before GC invocations=66 (full 0):
 garbage-first heap   total reserved 4024320K, committed 292864K, used 274693K [0x000000070a600000, 0x0000000800000000)
  region size 2048K, 80 young (163840K), 7 survivors (14336K)
}
Event: 48.919 {heap After GC invocations=67 (full 0):
 garbage-first heap   total reserved 4024320K, committed 294912K, used 130230K [0x000000070a600000, 0x0000000800000000)
  region size 2048K, 7 young (14336K), 7 survivors (14336K)
}
Event: 50.283 {heap Before GC invocations=68 (full 0):
 garbage-first heap   total reserved 4024320K, committed 294912K, used 277686K [0x000000070a600000, 0x0000000800000000)
  region size 2048K, 79 young (161792K), 7 survivors (14336K)
}
Event: 50.290 {heap After GC invocations=69 (full 0):
 garbage-first heap   total reserved 4024320K, committed 294912K, used 130508K [0x000000070a600000, 0x0000000800000000)
  region size 2048K, 5 young (10240K), 5 survivors (10240K)
}
Event: 50.728 {heap Before GC invocations=69 (full 0):
 garbage-first heap   total reserved 4024320K, committed 294912K, used 277964K [0x000000070a600000, 0x0000000800000000)
  region size 2048K, 77 young (157696K), 5 survivors (10240K)
}
Event: 50.735 {heap After GC invocations=70 (full 0):
 garbage-first heap   total reserved 4024320K, committed 294912K, used 129381K [0x000000070a600000, 0x0000000800000000)
  region size 2048K, 5 young (10240K), 5 survivors (10240K)
}
Event: 51.518 {heap Before GC invocations=70 (full 0):
 garbage-first heap   total reserved 4024320K, committed 294912K, used 276837K [0x000000070a600000, 0x0000000800000000)
  region size 2048K, 77 young (157696K), 5 survivors (10240K)
}
Event: 51.527 {heap After GC invocations=71 (full 0):
 garbage-first heap   total reserved 4024320K, committed 299008K, used 140363K [0x000000070a600000, 0x0000000800000000)
  region size 2048K, 10 young (20480K), 10 survivors (20480K)
}
Event: 52.128 {heap Before GC invocations=72 (full 0):
 garbage-first heap   total reserved 4024320K, committed 299008K, used 277579K [0x000000070a600000, 0x0000000800000000)
  region size 2048K, 77 young (157696K), 10 survivors (20480K)
}
Event: 52.133 {heap After GC invocations=73 (full 0):
 garbage-first heap   total reserved 4024320K, committed 299008K, used 135056K [0x000000070a600000, 0x0000000800000000)
  region size 2048K, 3 young (6144K), 3 survivors (6144K)
}
Event: 52.495 {heap Before GC invocations=73 (full 0):
 garbage-first heap   total reserved 4024320K, committed 299008K, used 278416K [0x000000070a600000, 0x0000000800000000)
  region size 2048K, 73 young (149504K), 3 survivors (6144K)
}
Event: 52.500 {heap After GC invocations=74 (full 0):
 garbage-first heap   total reserved 4024320K, committed 299008K, used 135081K [0x000000070a600000, 0x0000000800000000)
  region size 2048K, 3 young (6144K), 3 survivors (6144K)
}
Event: 53.109 {heap Before GC invocations=74 (full 0):
 garbage-first heap   total reserved 4024320K, committed 299008K, used 280489K [0x000000070a600000, 0x0000000800000000)
  region size 2048K, 74 young (151552K), 3 survivors (6144K)
}
Event: 53.112 {heap After GC invocations=75 (full 0):
 garbage-first heap   total reserved 4024320K, committed 299008K, used 137430K [0x000000070a600000, 0x0000000800000000)
  region size 2048K, 4 young (8192K), 4 survivors (8192K)
}
Event: 53.676 {heap Before GC invocations=76 (full 0):
 garbage-first heap   total reserved 4024320K, committed 299008K, used 280790K [0x000000070a600000, 0x0000000800000000)
  region size 2048K, 74 young (151552K), 4 survivors (8192K)
}
Event: 53.683 {heap After GC invocations=77 (full 0):
 garbage-first heap   total reserved 4024320K, committed 303104K, used 150231K [0x000000070a600000, 0x0000000800000000)
  region size 2048K, 10 young (20480K), 10 survivors (20480K)
}
Event: 54.188 {heap Before GC invocations=77 (full 0):
 garbage-first heap   total reserved 4024320K, committed 303104K, used 279255K [0x000000070a600000, 0x0000000800000000)
  region size 2048K, 73 young (149504K), 10 survivors (20480K)
}
Event: 54.195 {heap After GC invocations=78 (full 0):
 garbage-first heap   total reserved 4024320K, committed 303104K, used 141156K [0x000000070a600000, 0x0000000800000000)
  region size 2048K, 3 young (6144K), 3 survivors (6144K)
}
Event: 54.546 {heap Before GC invocations=78 (full 0):
 garbage-first heap   total reserved 4024320K, committed 303104K, used 280420K [0x000000070a600000, 0x0000000800000000)
  region size 2048K, 71 young (145408K), 3 survivors (6144K)
}

